{"logTime": "0624/131357", "correlationVector":"6dGJj6anLMlanii1OrTEb3.1","action":"SyncServerConnectionManagerRequest", "result":"SYNC_SERVER_OK", "context":{"environment":"Prod_WestEurope_x00e", "migrationStage":"NotStarted", "server":"GENERAL02000031"}}
{"logTime": "0624/131357", "correlationVector":"v2wKeGA4i2CzCs248A6+7w","action":"SyncServerConnectionManagerRequest", "result":"SYNC_SERVER_OK", "context":{"environment":"", "migrationStage":"", "server":""}}
{"logTime": "0624/131357", "correlationVector":"6dGJj6anLMlanii1OrTEb3","action":"Initial GetUpdates", "result":"", "context":Reason: NEW_CLIENT. cV=6dGJj6anLMlanii1OrTEb3}
{"logTime": "0624/131357", "correlationVector":"6dGJj6anLMlanii1OrTEb3.2","action":"GetUpdates Response", "result":"Success", "context":Received 1 update(s). cV=6dGJj6anLMlanii1OrTEb3.0;server=GENERAL02000031;cloudType=Consumer;environment=Prod_WestEurope_x00e;migrationStage=NotStarted}
{"logTime": "0624/131357", "correlationVector":"OYNpD/4f3LW7iE+NengS7e","action":"Initial GetUpdates", "result":"", "context":Reason: NEW_CLIENT. cV=OYNpD/4f3LW7iE+NengS7e}
{"logTime": "0624/131357", "correlationVector":"OYNpD/4f3LW7iE+NengS7e.1","action":"SyncServerConnectionManagerRequest", "result":"SYNC_SERVER_OK", "context":{"environment":"Prod_WestEurope_x00e", "migrationStage":"NotStarted", "server":"GENERAL01000019"}}
{"logTime": "0624/131357", "correlationVector":"OYNpD/4f3LW7iE+NengS7e.2","action":"GetUpdates Response", "result":"Success", "context":Received 4 update(s). cV=OYNpD/4f3LW7iE+NengS7e.0;server=GENERAL01000019;cloudType=Consumer;environment=Prod_WestEurope_x00e;migrationStage=NotStarted}
{"logTime": "0624/131357", "correlationVector":"f8xnNlRblIfMlNmW+59OqT","action":"Normal GetUpdate request", "result":"", "context":cV=f8xnNlRblIfMlNmW+59OqT
Nudged types: Device Info, User Consents
Refresh requested types: Device Info, User Consents, Send Tab To Self, Encryption Keys}
{"logTime": "0624/131357", "correlationVector":"f8xnNlRblIfMlNmW+59OqT.1","action":"SyncServerConnectionManagerRequest", "result":"SYNC_SERVER_OK", "context":{"environment":"Prod_WestEurope_x00e", "migrationStage":"NotStarted", "server":"GENERAL02000024"}}
{"logTime": "0624/131357", "correlationVector":"f8xnNlRblIfMlNmW+59OqT.2","action":"GetUpdates Response", "result":"Success", "context":Received 0 update(s). cV=f8xnNlRblIfMlNmW+59OqT.0;server=GENERAL02000024;cloudType=Consumer;environment=Prod_WestEurope_x00e;migrationStage=NotStarted}
{"logTime": "0624/131357", "correlationVector":"X7iNU4W1e1RAjGy4yr+O6J","action":"Commit Request", "result":"", "context":Item count: 2
Contributing types: Device Info, User Consents}
{"logTime": "0624/131357", "correlationVector":"X7iNU4W1e1RAjGy4yr+O6J.1","action":"SyncServerConnectionManagerRequest", "result":"SYNC_SERVER_OK", "context":{"environment":"Prod_WestEurope_x00e", "migrationStage":"NotStarted", "server":"GENERAL02000020"}}
{"logTime": "0624/131357", "correlationVector":"X7iNU4W1e1RAjGy4yr+O6J.2","action":"Commit Response", "result":"Success", "context":Result: Success. cV=X7iNU4W1e1RAjGy4yr+O6J.0;server=GENERAL02000020;cloudType=Consumer;environment=Prod_WestEurope_x00e;migrationStage=NotStarted}
{"logTime": "0624/131357", "correlationVector":"z0LOhpS58PamEg8oHKwXKs","action":"Normal GetUpdate request", "result":"", "context":cV=z0LOhpS58PamEg8oHKwXKs
Nudged types: Device Info}
{"logTime": "0624/131357", "correlationVector":"z0LOhpS58PamEg8oHKwXKs.1","action":"SyncServerConnectionManagerRequest", "result":"SYNC_SERVER_OK", "context":{"environment":"Prod_WestEurope_x00e", "migrationStage":"NotStarted", "server":"GENERAL0200002J"}}
{"logTime": "0624/131357", "correlationVector":"z0LOhpS58PamEg8oHKwXKs.2","action":"GetUpdates Response", "result":"Success", "context":Received 1 update(s). cV=z0LOhpS58PamEg8oHKwXKs.0;server=GENERAL0200002J;cloudType=Consumer;environment=Prod_WestEurope_x00e;migrationStage=NotStarted}
{"logTime": "0624/131740", "correlationVector":"vbbClIt0z+hM1H24lSuVku","action":"Normal GetUpdate request", "result":"", "context":cV=vbbClIt0z+hM1H24lSuVku
Refresh requested types: Device Info, User Consents, Send Tab To Self, Encryption Keys}
{"logTime": "0624/131741", "correlationVector":"vbbClIt0z+hM1H24lSuVku.1","action":"SyncServerConnectionManagerRequest", "result":"SYNC_SERVER_OK", "context":{"environment":"Prod_NorthEurope_x00f", "migrationStage":"NotStarted", "server":"GENERAL0100002N"}}
{"logTime": "0624/131741", "correlationVector":"vbbClIt0z+hM1H24lSuVku.2","action":"GetUpdates Response", "result":"Success", "context":Received 0 update(s). cV=vbbClIt0z+hM1H24lSuVku.0;server=GENERAL0100002N;cloudType=Consumer;environment=Prod_NorthEurope_x00f;migrationStage=NotStarted}
{"logTime": "0624/140110", "correlationVector":"8ySIICx58Qe/TtLhE8476u","action":"Normal GetUpdate request", "result":"", "context":cV=8ySIICx58Qe/TtLhE8476u
Refresh requested types: Device Info, User Consents, Send Tab To Self, Encryption Keys}
{"logTime": "0624/140112", "correlationVector":"8ySIICx58Qe/TtLhE8476u.1","action":"SyncServerConnectionManagerRequest", "result":"SYNC_SERVER_OK", "context":{"environment":"Prod_NorthEurope_000h", "migrationStage":"NotStarted", "server":"GENERAL0100000S"}}
{"logTime": "0624/140113", "correlationVector":"8ySIICx58Qe/TtLhE8476u.2","action":"GetUpdates Response", "result":"Success", "context":Received 0 update(s). cV=8ySIICx58Qe/TtLhE8476u.0;server=GENERAL0100000S;cloudType=Consumer;environment=Prod_NorthEurope_000h;migrationStage=NotStarted}
{"logTime": "0624/140610", "correlationVector":"z1XIh6fW/8CrHaQzXhzjtX","action":"Normal GetUpdate request", "result":"", "context":cV=z1XIh6fW/8CrHaQzXhzjtX
Refresh requested types: Device Info, User Consents, Send Tab To Self, Encryption Keys}
{"logTime": "0624/140610", "correlationVector":"z1XIh6fW/8CrHaQzXhzjtX.1","action":"SyncServerConnectionManagerRequest", "result":"SYNC_SERVER_OK", "context":{"environment":"Prod_WestEurope_000l", "migrationStage":"NotStarted", "server":"GENERAL0100000Y"}}
{"logTime": "0624/140610", "correlationVector":"z1XIh6fW/8CrHaQzXhzjtX.2","action":"GetUpdates Response", "result":"Success", "context":Received 0 update(s). cV=z1XIh6fW/8CrHaQzXhzjtX.0;server=GENERAL0100000Y;cloudType=Consumer;environment=Prod_WestEurope_000l;migrationStage=NotStarted}
{"logTime": "0624/141110", "correlationVector":"UxgDG5/RMsmp6OVi5LVowN","action":"Normal GetUpdate request", "result":"", "context":cV=UxgDG5/RMsmp6OVi5LVowN
Refresh requested types: Device Info, User Consents, Send Tab To Self, Encryption Keys}
{"logTime": "0624/141111", "correlationVector":"UxgDG5/RMsmp6OVi5LVowN.1","action":"SyncServerConnectionManagerRequest", "result":"SYNC_SERVER_OK", "context":{"environment":"Prod_NorthEurope_000h", "migrationStage":"NotStarted", "server":"GENERAL01000027"}}
{"logTime": "0624/141111", "correlationVector":"UxgDG5/RMsmp6OVi5LVowN.2","action":"GetUpdates Response", "result":"Success", "context":Received 0 update(s). cV=UxgDG5/RMsmp6OVi5LVowN.0;server=GENERAL01000027;cloudType=Consumer;environment=Prod_NorthEurope_000h;migrationStage=NotStarted}
{"logTime": "0624/141610", "correlationVector":"6CQVrlnEYEjC0IlrwEB/nu","action":"Normal GetUpdate request", "result":"", "context":cV=6CQVrlnEYEjC0IlrwEB/nu
Refresh requested types: Device Info, User Consents, Send Tab To Self, Encryption Keys}
{"logTime": "0624/141610", "correlationVector":"6CQVrlnEYEjC0IlrwEB/nu.1","action":"SyncServerConnectionManagerRequest", "result":"SYNC_SERVER_OK", "context":{"environment":"Prod_WestEurope_x00e", "migrationStage":"NotStarted", "server":"GENERAL01000003"}}
{"logTime": "0624/141610", "correlationVector":"6CQVrlnEYEjC0IlrwEB/nu.2","action":"GetUpdates Response", "result":"Success", "context":Received 0 update(s). cV=6CQVrlnEYEjC0IlrwEB/nu.0;server=GENERAL01000003;cloudType=Consumer;environment=Prod_WestEurope_x00e;migrationStage=NotStarted}
{"logTime": "0624/145706", "correlationVector":"/BLN6VjQ5oLS978Hkg0iYT","action":"Normal GetUpdate request", "result":"", "context":cV=/BLN6VjQ5oLS978Hkg0iYT
Refresh requested types: Device Info, User Consents, Send Tab To Self, Encryption Keys}
{"logTime": "0624/145707", "correlationVector":"/BLN6VjQ5oLS978Hkg0iYT.1","action":"SyncServerConnectionManagerRequest", "result":"SYNC_SERVER_OK", "context":{"environment":"Prod_WestEurope_x00e", "migrationStage":"NotStarted", "server":"GENERAL0100001S"}}
{"logTime": "0624/145707", "correlationVector":"/BLN6VjQ5oLS978Hkg0iYT.2","action":"GetUpdates Response", "result":"Success", "context":Received 0 update(s). cV=/BLN6VjQ5oLS978Hkg0iYT.0;server=GENERAL0100001S;cloudType=Consumer;environment=Prod_WestEurope_x00e;migrationStage=NotStarted}
{"logTime": "0624/150515", "correlationVector":"lb7LX6WaPiTXqeo8XZTVld","action":"Normal GetUpdate request", "result":"", "context":cV=lb7LX6WaPiTXqeo8XZTVld
Refresh requested types: Device Info, User Consents, Send Tab To Self, Encryption Keys}
{"logTime": "0624/150516", "correlationVector":"lb7LX6WaPiTXqeo8XZTVld.1","action":"SyncServerConnectionManagerRequest", "result":"SYNC_SERVER_OK", "context":{"environment":"Prod_WestEurope_x00e", "migrationStage":"NotStarted", "server":"GENERAL02000021"}}
{"logTime": "0624/150516", "correlationVector":"lb7LX6WaPiTXqeo8XZTVld.2","action":"GetUpdates Response", "result":"Success", "context":Received 0 update(s). cV=lb7LX6WaPiTXqeo8XZTVld.0;server=GENERAL02000021;cloudType=Consumer;environment=Prod_WestEurope_x00e;migrationStage=NotStarted}
{"logTime": "0624/153739", "correlationVector":"hsN7+CiktqzJK65MQJLDzB","action":"Normal GetUpdate request", "result":"", "context":cV=hsN7+CiktqzJK65MQJLDzB
Refresh requested types: Device Info, User Consents, Send Tab To Self, Encryption Keys}
{"logTime": "0624/153740", "correlationVector":"hsN7+CiktqzJK65MQJLDzB.1","action":"SyncServerConnectionManagerRequest", "result":"SYNC_SERVER_OK", "context":{"environment":"Prod_WestEurope_x00e", "migrationStage":"NotStarted", "server":"GENERAL0200000R"}}
{"logTime": "0624/153740", "correlationVector":"hsN7+CiktqzJK65MQJLDzB.2","action":"GetUpdates Response", "result":"Success", "context":Received 0 update(s). cV=hsN7+CiktqzJK65MQJLDzB.0;server=GENERAL0200000R;cloudType=Consumer;environment=Prod_WestEurope_x00e;migrationStage=NotStarted}
{"logTime": "0624/164107", "correlationVector":"BeASR80ysTlqtXnIw9E/SN","action":"Normal GetUpdate request", "result":"", "context":cV=BeASR80ysTlqtXnIw9E/SN
Refresh requested types: Device Info, User Consents, Send Tab To Self, Encryption Keys}
{"logTime": "0624/164109", "correlationVector":"BeASR80ysTlqtXnIw9E/SN.1","action":"SyncServerConnectionManagerRequest", "result":"SYNC_SERVER_OK", "context":{"environment":"Prod_WestEurope_000l", "migrationStage":"NotStarted", "server":"GENERAL0100000R"}}
{"logTime": "0624/164109", "correlationVector":"BeASR80ysTlqtXnIw9E/SN.2","action":"GetUpdates Response", "result":"Success", "context":Received 0 update(s). cV=BeASR80ysTlqtXnIw9E/SN.0;server=GENERAL0100000R;cloudType=Consumer;environment=Prod_WestEurope_000l;migrationStage=NotStarted}
{"logTime": "0624/174721", "correlationVector":"oqv4beaTjAm2lIoS5EROd4","action":"Normal GetUpdate request", "result":"", "context":cV=oqv4beaTjAm2lIoS5EROd4
Refresh requested types: Device Info, User Consents, Send Tab To Self, Encryption Keys}
{"logTime": "0624/174722", "correlationVector":"oqv4beaTjAm2lIoS5EROd4.1","action":"SyncServerConnectionManagerRequest", "result":"SYNC_AUTH_ERROR", "context":{"environment":"Prod_WestEurope_x00e", "migrationStage":"NotStarted", "server":"GENERAL02000035"}}
{"logTime": "0624/174722", "correlationVector":"oqv4beaTjAm2lIoS5EROd4.2","action":"GetUpdates Response", "result":"HTTP error (401)", "context":Received error: HTTP error (401). cV=oqv4beaTjAm2lIoS5EROd4.0;server=GENERAL02000035;cloudType=Undetermined;environment=Prod_WestEurope_x00e;migrationStage=NotStarted}
{"logTime": "0624/174724", "correlationVector":"Iuqwy1kH9Uqs2QcUWYIl/H","action":"Normal GetUpdate request", "result":"", "context":cV=Iuqwy1kH9Uqs2QcUWYIl/H
Refresh requested types: Device Info, User Consents, Send Tab To Self, Encryption Keys}
{"logTime": "0624/174726", "correlationVector":"Iuqwy1kH9Uqs2QcUWYIl/H.1","action":"SyncServerConnectionManagerRequest", "result":"SYNC_SERVER_OK", "context":{"environment":"Prod_WestEurope_x00e", "migrationStage":"NotStarted", "server":"GENERAL0100002C"}}
{"logTime": "0624/174726", "correlationVector":"Iuqwy1kH9Uqs2QcUWYIl/H.2","action":"GetUpdates Response", "result":"Success", "context":Received 0 update(s). cV=Iuqwy1kH9Uqs2QcUWYIl/H.0;server=GENERAL0100002C;cloudType=Consumer;environment=Prod_WestEurope_x00e;migrationStage=NotStarted}
{"logTime": "0624/175221", "correlationVector":"kJBBzVNYXozYKk8NyVbZ8z","action":"Normal GetUpdate request", "result":"", "context":cV=kJBBzVNYXozYKk8NyVbZ8z
Refresh requested types: Device Info, User Consents, Send Tab To Self, Encryption Keys}
{"logTime": "0624/175222", "correlationVector":"kJBBzVNYXozYKk8NyVbZ8z.1","action":"SyncServerConnectionManagerRequest", "result":"SYNC_SERVER_OK", "context":{"environment":"Prod_WestEurope_x00e", "migrationStage":"NotStarted", "server":"GENERAL01000000"}}
{"logTime": "0624/175222", "correlationVector":"kJBBzVNYXozYKk8NyVbZ8z.2","action":"GetUpdates Response", "result":"Success", "context":Received 0 update(s). cV=kJBBzVNYXozYKk8NyVbZ8z.0;server=GENERAL01000000;cloudType=Consumer;environment=Prod_WestEurope_x00e;migrationStage=NotStarted}
{"logTime": "0624/183226", "correlationVector":"/DXHOFVENGhSyiaIHlgWD2","action":"Normal GetUpdate request", "result":"", "context":cV=/DXHOFVENGhSyiaIHlgWD2
Refresh requested types: Device Info, User Consents, Send Tab To Self, Encryption Keys}
{"logTime": "0624/183227", "correlationVector":"/DXHOFVENGhSyiaIHlgWD2.1","action":"SyncServerConnectionManagerRequest", "result":"SYNC_SERVER_OK", "context":{"environment":"Prod_WestEurope_000l", "migrationStage":"NotStarted", "server":"GENERAL0100000V"}}
{"logTime": "0624/183227", "correlationVector":"/DXHOFVENGhSyiaIHlgWD2.2","action":"GetUpdates Response", "result":"Success", "context":Received 0 update(s). cV=/DXHOFVENGhSyiaIHlgWD2.0;server=GENERAL0100000V;cloudType=Consumer;environment=Prod_WestEurope_000l;migrationStage=NotStarted}
{"logTime": "0725/181402", "correlationVector":"AyyRrxCDzbdgcf9fOrrkYl.1","action":"SyncServerConnectionManagerRequest", "result":"SYNC_SERVER_OK", "context":{"environment":"Prod_NorthEurope_000h", "migrationStage":"NotStarted", "server":"general0100000C"}}
{"logTime": "0725/181407", "correlationVector":"7TmbRDGgG8GjsccQ5UYvlm","action":"SyncServerConnectionManagerRequest", "result":"SYNC_SERVER_OK", "context":{"environment":"", "migrationStage":"", "server":""}}
{"logTime": "0725/181411", "correlationVector":"AyyRrxCDzbdgcf9fOrrkYl","action":"Initial GetUpdates", "result":"", "context":Reason: NEW_CLIENT. cV=AyyRrxCDzbdgcf9fOrrkYl}
{"logTime": "0725/181411", "correlationVector":"AyyRrxCDzbdgcf9fOrrkYl.2","action":"GetUpdates Response", "result":"Success", "context":Received 1 update(s). cV=AyyRrxCDzbdgcf9fOrrkYl.0;server=general0100000C;cloudType=Consumer;environment=Prod_NorthEurope_000h;migrationStage=NotStarted}
{"logTime": "0725/181411", "correlationVector":"qOQy5VLBcDaNLxx6Xk4Exj","action":"Normal GetUpdate request", "result":"", "context":cV=qOQy5VLBcDaNLxx6Xk4Exj
Nudged types: Device Info
Refresh requested types: Device Info, User Consents, Send Tab To Self, Encryption Keys}
{"logTime": "0725/181411", "correlationVector":"qOQy5VLBcDaNLxx6Xk4Exj.1","action":"SyncServerConnectionManagerRequest", "result":"SYNC_SERVER_OK", "context":{"environment":"Prod_NorthEurope_000h", "migrationStage":"NotStarted", "server":"general0100000S"}}
{"logTime": "0725/181414", "correlationVector":"qOQy5VLBcDaNLxx6Xk4Exj.2","action":"GetUpdates Response", "result":"Success", "context":Received 4 update(s). cV=qOQy5VLBcDaNLxx6Xk4Exj.0;server=general0100000S;cloudType=Consumer;environment=Prod_NorthEurope_000h;migrationStage=NotStarted}
{"logTime": "0725/181414", "correlationVector":"h0TyJ/PH14zttr0I4oObnI","action":"Commit Request", "result":"", "context":Item count: 1
Contributing types: Device Info}
{"logTime": "0725/181414", "correlationVector":"h0TyJ/PH14zttr0I4oObnI.1","action":"SyncServerConnectionManagerRequest", "result":"SYNC_SERVER_OK", "context":{"environment":"Prod_NorthEurope_000h", "migrationStage":"NotStarted", "server":"general0100002H"}}
{"logTime": "0725/181417", "correlationVector":"h0TyJ/PH14zttr0I4oObnI.2","action":"Commit Response", "result":"Success", "context":Result: Success. cV=h0TyJ/PH14zttr0I4oObnI.0;server=general0100002H;cloudType=Consumer;environment=Prod_NorthEurope_000h;migrationStage=NotStarted}
{"logTime": "0725/181418", "correlationVector":"JXLrNkbraENkHQQLO85T6b","action":"Normal GetUpdate request", "result":"", "context":cV=JXLrNkbraENkHQQLO85T6b
Nudged types: Device Info}
{"logTime": "0725/181420", "correlationVector":"JXLrNkbraENkHQQLO85T6b.1","action":"SyncServerConnectionManagerRequest", "result":"SYNC_SERVER_OK", "context":{"environment":"Prod_NorthEurope_000h", "migrationStage":"NotStarted", "server":"general0100000Z"}}
{"logTime": "0725/181423", "correlationVector":"JXLrNkbraENkHQQLO85T6b.2","action":"GetUpdates Response", "result":"Success", "context":Received 1 update(s). cV=JXLrNkbraENkHQQLO85T6b.0;server=general0100000Z;cloudType=Consumer;environment=Prod_NorthEurope_000h;migrationStage=NotStarted}
{"logTime": "0725/181426", "correlationVector":"d1/Q0OKUoT62rA1AiSVZJF","action":"Poll GetUpdate request", "result":"", "context":cV=d1/Q0OKUoT62rA1AiSVZJF}
{"logTime": "0725/181428", "correlationVector":"d1/Q0OKUoT62rA1AiSVZJF.1","action":"SyncServerConnectionManagerRequest", "result":"SYNC_SERVER_OK", "context":{"environment":"Prod_NorthEurope_000h", "migrationStage":"NotStarted", "server":"general0100000M"}}
{"logTime": "0725/181431", "correlationVector":"d1/Q0OKUoT62rA1AiSVZJF.2","action":"GetUpdates Response", "result":"Success", "context":Received 0 update(s). cV=d1/Q0OKUoT62rA1AiSVZJF.0;server=general0100000M;cloudType=Consumer;environment=Prod_NorthEurope_000h;migrationStage=NotStarted}
